<?xml version="1.0" encoding="UTF-8"?>
<!-- Generated by org.testng.reporters.JUnitReportReporter -->
<testsuite hostname="DESKTOP-MJ89AK5" failures="0" tests="2" name="testngsessions.GoogleTest" time="0.351" errors="0" timestamp="28 Feb 2023 15:55:58 GMT" skipped="0">
  <testcase classname="testngsessions.GoogleTest" name="titleTest" time="0.105"/>
  <testcase classname="testngsessions.GoogleTest" name="SearchExistTest" time="0.246"/>
</testsuite> <!-- testngsessions.GoogleTest -->
