<?xml version="1.0" encoding="UTF-8"?>
<!-- Generated by org.testng.reporters.JUnitReportReporter -->
<testsuite hostname="DESKTOP-MJ89AK5" failures="0" tests="2" name="testngsessions.OpenCart" time="0.072" errors="0" timestamp="28 Feb 2023 15:55:58 GMT" skipped="0">
  <testcase classname="testngsessions.OpenCart" name="titleTest" time="0.021"/>
  <testcase classname="testngsessions.OpenCart" name="searchExistTest" time="0.051"/>
</testsuite> <!-- testngsessions.OpenCart -->
