<?xml version="1.0" encoding="UTF-8"?>
<!-- Generated by org.testng.reporters.JUnitReportReporter -->
<testsuite hostname="DESKTOP-MJ89AK5" failures="0" tests="3" name="testngsessions.AmazonTest" time="1.095" errors="0" timestamp="28 Feb 2023 15:55:58 GMT" skipped="0">
  <testcase classname="testngsessions.AmazonTest" name="titleTest" time="0.021"/>
  <testcase classname="testngsessions.AmazonTest" name="isHelpExistTest" time="0.622"/>
  <testcase classname="testngsessions.AmazonTest" name="SearchExistTest" time="0.452"/>
</testsuite> <!-- testngsessions.AmazonTest -->
